<?xml version="1.0" ?>
<coverage branch-rate="0" branches-covered="0" branches-valid="0" complexity="0" line-rate="0.7546" lines-covered="206" lines-valid="273" timestamp="1554296190032" version="4.5.3">
	<!-- Generated by coverage.py: https://coverage.readthedocs.io -->
	<!-- Based on https://raw.githubusercontent.com/cobertura/web/master/htdocs/xml/coverage-04.dtd -->
	<sources>
		<source>/Users/dalemy/Microsoft/keyper/keyper</source>
	</sources>
	<packages>
		<package branch-rate="0" complexity="0" line-rate="0.7546" name=".">
			<classes>
				<class branch-rate="0" complexity="0" filename="__init__.py" line-rate="0.7546" name="__init__.py">
					<methods/>
					<lines>
						<line hits="1" number="3"/>
						<line hits="1" number="5"/>
						<line hits="1" number="6"/>
						<line hits="1" number="7"/>
						<line hits="1" number="8"/>
						<line hits="1" number="9"/>
						<line hits="1" number="10"/>
						<line hits="1" number="11"/>
						<line hits="1" number="12"/>
						<line hits="1" number="13"/>
						<line hits="1" number="14"/>
						<line hits="1" number="15"/>
						<line hits="1" number="16"/>
						<line hits="1" number="17"/>
						<line hits="1" number="19"/>
						<line hits="1" number="21"/>
						<line hits="1" number="23"/>
						<line hits="0" number="24"/>
						<line hits="1" number="26"/>
						<line hits="0" number="27"/>
						<line hits="1" number="30"/>
						<line hits="1" number="33"/>
						<line hits="1" number="34"/>
						<line hits="1" number="35"/>
						<line hits="1" number="36"/>
						<line hits="1" number="37"/>
						<line hits="1" number="39"/>
						<line hits="1" number="40"/>
						<line hits="1" number="41"/>
						<line hits="1" number="43"/>
						<line hits="1" number="44"/>
						<line hits="1" number="45"/>
						<line hits="1" number="47"/>
						<line hits="1" number="49"/>
						<line hits="1" number="51"/>
						<line hits="1" number="52"/>
						<line hits="1" number="54"/>
						<line hits="1" number="55"/>
						<line hits="0" number="63"/>
						<line hits="0" number="64"/>
						<line hits="0" number="65"/>
						<line hits="1" number="67"/>
						<line hits="1" number="69"/>
						<line hits="1" number="71"/>
						<line hits="1" number="73"/>
						<line hits="1" number="75"/>
						<line hits="1" number="77"/>
						<line hits="1" number="79"/>
						<line hits="0" number="80"/>
						<line hits="0" number="81"/>
						<line hits="1" number="83"/>
						<line hits="1" number="85"/>
						<line hits="1" number="86"/>
						<line hits="0" number="88"/>
						<line hits="0" number="89"/>
						<line hits="1" number="91"/>
						<line hits="1" number="93"/>
						<line hits="1" number="95"/>
						<line hits="1" number="97"/>
						<line hits="1" number="99"/>
						<line hits="0" number="100"/>
						<line hits="1" number="102"/>
						<line hits="1" number="104"/>
						<line hits="1" number="106"/>
						<line hits="1" number="108"/>
						<line hits="1" number="110"/>
						<line hits="1" number="118"/>
						<line hits="1" number="119"/>
						<line hits="0" number="127"/>
						<line hits="0" number="128"/>
						<line hits="0" number="129"/>
						<line hits="1" number="131"/>
						<line hits="1" number="133"/>
						<line hits="1" number="135"/>
						<line hits="1" number="137"/>
						<line hits="1" number="140"/>
						<line hits="1" number="143"/>
						<line hits="1" number="144"/>
						<line hits="1" number="145"/>
						<line hits="1" number="147"/>
						<line hits="1" number="148"/>
						<line hits="1" number="149"/>
						<line hits="1" number="150"/>
						<line hits="1" number="151"/>
						<line hits="1" number="153"/>
						<line hits="1" number="156"/>
						<line hits="0" number="157"/>
						<line hits="0" number="158"/>
						<line hits="1" number="160"/>
						<line hits="1" number="162"/>
						<line hits="1" number="165"/>
						<line hits="1" number="167"/>
						<line hits="1" number="168"/>
						<line hits="0" number="173"/>
						<line hits="0" number="174"/>
						<line hits="1" number="176"/>
						<line hits="0" number="177"/>
						<line hits="1" number="179"/>
						<line hits="1" number="182"/>
						<line hits="1" number="184"/>
						<line hits="1" number="185"/>
						<line hits="0" number="190"/>
						<line hits="0" number="191"/>
						<line hits="0" number="192"/>
						<line hits="1" number="194"/>
						<line hits="1" number="206"/>
						<line hits="1" number="208"/>
						<line hits="0" number="209"/>
						<line hits="0" number="210"/>
						<line hits="1" number="212"/>
						<line hits="1" number="213"/>
						<line hits="1" number="214"/>
						<line hits="0" number="216"/>
						<line hits="0" number="217"/>
						<line hits="0" number="227"/>
						<line hits="0" number="228"/>
						<line hits="0" number="229"/>
						<line hits="1" number="231"/>
						<line hits="1" number="234"/>
						<line hits="1" number="239"/>
						<line hits="1" number="241"/>
						<line hits="0" number="242"/>
						<line hits="1" number="244"/>
						<line hits="1" number="246"/>
						<line hits="1" number="251"/>
						<line hits="1" number="252"/>
						<line hits="1" number="254"/>
						<line hits="1" number="255"/>
						<line hits="0" number="263"/>
						<line hits="0" number="264"/>
						<line hits="0" number="265"/>
						<line hits="1" number="269"/>
						<line hits="1" number="271"/>
						<line hits="1" number="272"/>
						<line hits="0" number="273"/>
						<line hits="1" number="275"/>
						<line hits="1" number="280"/>
						<line hits="1" number="281"/>
						<line hits="1" number="282"/>
						<line hits="1" number="283"/>
						<line hits="1" number="285"/>
						<line hits="0" number="286"/>
						<line hits="1" number="288"/>
						<line hits="1" number="301"/>
						<line hits="1" number="304"/>
						<line hits="1" number="310"/>
						<line hits="1" number="311"/>
						<line hits="0" number="316"/>
						<line hits="0" number="317"/>
						<line hits="0" number="318"/>
						<line hits="1" number="321"/>
						<line hits="1" number="325"/>
						<line hits="1" number="327"/>
						<line hits="1" number="328"/>
						<line hits="1" number="334"/>
						<line hits="1" number="336"/>
						<line hits="1" number="338"/>
						<line hits="1" number="339"/>
						<line hits="0" number="340"/>
						<line hits="1" number="342"/>
						<line hits="1" number="344"/>
						<line hits="1" number="345"/>
						<line hits="0" number="353"/>
						<line hits="0" number="354"/>
						<line hits="0" number="355"/>
						<line hits="1" number="358"/>
						<line hits="1" number="359"/>
						<line hits="1" number="361"/>
						<line hits="1" number="362"/>
						<line hits="1" number="363"/>
						<line hits="1" number="365"/>
						<line hits="1" number="367"/>
						<line hits="1" number="369"/>
						<line hits="1" number="370"/>
						<line hits="1" number="373"/>
						<line hits="1" number="374"/>
						<line hits="1" number="375"/>
						<line hits="1" number="377"/>
						<line hits="0" number="378"/>
						<line hits="1" number="380"/>
						<line hits="1" number="384"/>
						<line hits="1" number="386"/>
						<line hits="1" number="388"/>
						<line hits="1" number="390"/>
						<line hits="1" number="391"/>
						<line hits="0" number="394"/>
						<line hits="0" number="396"/>
						<line hits="0" number="397"/>
						<line hits="0" number="405"/>
						<line hits="0" number="406"/>
						<line hits="0" number="407"/>
						<line hits="0" number="413"/>
						<line hits="0" number="416"/>
						<line hits="0" number="417"/>
						<line hits="0" number="419"/>
						<line hits="1" number="421"/>
						<line hits="1" number="422"/>
						<line hits="1" number="432"/>
						<line hits="1" number="433"/>
						<line hits="0" number="438"/>
						<line hits="0" number="439"/>
						<line hits="0" number="440"/>
						<line hits="1" number="442"/>
						<line hits="1" number="444"/>
						<line hits="1" number="445"/>
						<line hits="1" number="447"/>
						<line hits="1" number="448"/>
						<line hits="1" number="450"/>
						<line hits="1" number="452"/>
						<line hits="1" number="453"/>
						<line hits="0" number="458"/>
						<line hits="0" number="459"/>
						<line hits="0" number="460"/>
						<line hits="1" number="463"/>
						<line hits="1" number="466"/>
						<line hits="1" number="468"/>
						<line hits="1" number="469"/>
						<line hits="1" number="471"/>
						<line hits="1" number="476"/>
						<line hits="1" number="477"/>
						<line hits="1" number="479"/>
						<line hits="1" number="485"/>
						<line hits="1" number="486"/>
						<line hits="1" number="487"/>
						<line hits="1" number="488"/>
						<line hits="1" number="491"/>
						<line hits="1" number="520"/>
						<line hits="1" number="525"/>
						<line hits="1" number="527"/>
						<line hits="1" number="538"/>
						<line hits="1" number="539"/>
						<line hits="1" number="540"/>
						<line hits="1" number="542"/>
						<line hits="1" number="544"/>
						<line hits="1" number="545"/>
						<line hits="1" number="547"/>
						<line hits="1" number="548"/>
						<line hits="0" number="556"/>
						<line hits="0" number="557"/>
						<line hits="1" number="560"/>
						<line hits="1" number="561"/>
						<line hits="1" number="563"/>
						<line hits="0" number="564"/>
						<line hits="1" number="566"/>
						<line hits="1" number="568"/>
						<line hits="1" number="569"/>
						<line hits="1" number="571"/>
						<line hits="1" number="573"/>
						<line hits="1" number="574"/>
						<line hits="1" number="575"/>
						<line hits="1" number="577"/>
						<line hits="1" number="578"/>
						<line hits="1" number="581"/>
						<line hits="1" number="583"/>
						<line hits="1" number="586"/>
						<line hits="1" number="623"/>
						<line hits="1" number="639"/>
						<line hits="1" number="641"/>
						<line hits="1" number="653"/>
						<line hits="1" number="654"/>
						<line hits="1" number="655"/>
						<line hits="1" number="657"/>
						<line hits="0" number="658"/>
						<line hits="1" number="660"/>
						<line hits="0" number="661"/>
						<line hits="1" number="663"/>
						<line hits="0" number="664"/>
						<line hits="0" number="665"/>
						<line hits="0" number="666"/>
						<line hits="0" number="668"/>
						<line hits="1" number="670"/>
						<line hits="1" number="671"/>
						<line hits="1" number="674"/>
					</lines>
				</class>
			</classes>
		</package>
	</packages>
</coverage>
